<?xml version="1.0" encoding="UTF-8" standalone="no"?>
<testsuite errors="0" failures="0" name="io.cucumber.core.plugin.JUnitFormatter" skipped="0" tests="3" time="0.342">
    <testcase classname="Uber Booking Feature" name="Booking cab" time="0.084">
        <system-out><![CDATA[Given User want to select a car type "Sedan" from uber application..........passed
When User selects car "sedan" and pick up point "Banglore" and drop of point "Pune".passed
Then Driver starts the journey..............................................passed
And Driver ends the journey.................................................passed
Then User pays 1000 USD.....................................................passed
]]></system-out>
    </testcase>
    <testcase classname="Uber Booking Feature" name="Booking SUV" time="0.005">
        <system-out><![CDATA[Given User want to select a car type "suv" from uber application............passed
When User selects car "sedan" and pick up point "Kerala" and drop of point "Banglore".passed
Then Driver starts the journey..............................................passed
And Driver ends the journey.................................................passed
Then User pays 1000 USD.....................................................passed
]]></system-out>
    </testcase>
    <testcase classname="Uber Booking Feature" name="Booking Mini" time="0.004">
        <system-out><![CDATA[Given User want to select a car type "mini" from uber application...........passed
When User selects car "sedan" and pick up point "Bombay" and drop of point "Delhi".passed
Then Driver starts the journey..............................................passed
And Driver ends the journey.................................................passed
Then User pays 1000 USD.....................................................passed
]]></system-out>
    </testcase>
</testsuite>
